This is LuaTeX, Version beta-0.80.0 (TeX Live 2015) (rev 5238)  (format=lualatex 2015.10.14)  8 AUG 2018 15:17
 restricted \write18 enabled.
 file:line:error style messages enabled.
**higgs_production_ggH2j_box.tex
(./higgs_production_ggH2j_box.tex
LaTeX2e <2015/01/01>
Babel <3.9l> and hyphenation patterns for 79 languages loaded.

./higgs_production_ggH2j_box.tex:1: LaTeX Error: Environment tikzpicture undefined.

See the LaTeX manual or LaTeX Companion for explanation.
Type  H <return>  for immediate help.
 ...                                              
                                                  
l.1 \begin{tikzpicture}
                     [line width=1.5pt, scale=1.2]
Your command was ignored.
Type  I <command> <return>  to replace it with another command,
or  <return>  to continue without it.


./higgs_production_ggH2j_box.tex:1: LaTeX Error: Missing \begin{document}.

See the LaTeX manual or LaTeX Companion for explanation.
Type  H <return>  for immediate help.
 ...                                              
                                                  
l.1 \begin{tikzpicture}[
                      line width=1.5pt, scale=1.2]
You're in trouble here.  Try typing  <return>  to proceed.
If that doesn't work, type  X <return>  to quit.

./higgs_production_ggH2j_box.tex:2: Undefined control sequence.
l.2 \draw
       [step=0.5cm, very thin, transparent] (0cm,0cm) grid (4cm,2cm);
The control sequence at the end of the top line
of your error message was never \def'ed. If you have
misspelled it (e.g., `\hobx'), type `I' and the correct
spelling (e.g., `I\hbox'). Otherwise just continue,
and I'll forget about whatever was undefined.


Overfull \hbox (20.0pt too wide) in paragraph at lines 1--3
[][][line
 []

./higgs_production_ggH2j_box.tex:4: Undefined control sequence.
l.4 \draw
       [gluon] (-1.25cm,1.0cm) -- (-0.5cm,1.0cm);
The control sequence at the end of the top line
of your error message was never \def'ed. If you have
misspelled it (e.g., `\hobx'), type `I' and the correct
spelling (e.g., `I\hbox'). Otherwise just continue,
and I'll forget about whatever was undefined.


./higgs_production_ggH2j_box.tex:4: LaTeX Error: Missing \begin{document}.

See the LaTeX manual or LaTeX Companion for explanation.
Type  H <return>  for immediate help.
 ...                                              
                                                  
l.4 \draw[
        gluon] (-1.25cm,1.0cm) -- (-0.5cm,1.0cm);
You're in trouble here.  Try typing  <return>  to proceed.
If that doesn't work, type  X <return>  to quit.

./higgs_production_ggH2j_box.tex:5: Undefined control sequence.
l.5 \draw
       [fermion] (-0.5cm,1.0cm) -- (1cm,1.0cm);
The control sequence at the end of the top line
of your error message was never \def'ed. If you have
misspelled it (e.g., `\hobx'), type `I' and the correct
spelling (e.g., `I\hbox'). Otherwise just continue,
and I'll forget about whatever was undefined.

./higgs_production_ggH2j_box.tex:6: Undefined control sequence.
l.6 \draw
       [gluon] (1cm,1.cm) -- (2cm,1.cm);
The control sequence at the end of the top line
of your error message was never \def'ed. If you have
misspelled it (e.g., `\hobx'), type `I' and the correct
spelling (e.g., `I\hbox'). Otherwise just continue,
and I'll forget about whatever was undefined.


Overfull \hbox (20.0pt too wide) in paragraph at lines 4--7
[][][gluon]
 []

./higgs_production_ggH2j_box.tex:8: Undefined control sequence.
l.8 \draw
       [fermion] (-1.25cm,-1.5cm) -- (-0.5cm,-1.5cm);
The control sequence at the end of the top line
of your error message was never \def'ed. If you have
misspelled it (e.g., `\hobx'), type `I' and the correct
spelling (e.g., `I\hbox'). Otherwise just continue,
and I'll forget about whatever was undefined.


./higgs_production_ggH2j_box.tex:8: LaTeX Error: Missing \begin{document}.

See the LaTeX manual or LaTeX Companion for explanation.
Type  H <return>  for immediate help.
 ...                                              
                                                  
l.8 \draw[
        fermion] (-1.25cm,-1.5cm) -- (-0.5cm,-1.5cm);
You're in trouble here.  Try typing  <return>  to proceed.
If that doesn't work, type  X <return>  to quit.

./higgs_production_ggH2j_box.tex:9: Undefined control sequence.
l.9 \draw
       [fermion] (-0.5cm,-1.5cm) -- (2cm,-1.5cm);
The control sequence at the end of the top line
of your error message was never \def'ed. If you have
misspelled it (e.g., `\hobx'), type `I' and the correct
spelling (e.g., `I\hbox'). Otherwise just continue,
and I'll forget about whatever was undefined.


Overfull \hbox (20.0pt too wide) in paragraph at lines 8--10
[][][fermion]
 []

./higgs_production_ggH2j_box.tex:12: Undefined control sequence.
l.12 \draw
        [gluon] (-0.5cm,-1.5cm) -- (-.5cm,-.5cm);
The control sequence at the end of the top line
of your error message was never \def'ed. If you have
misspelled it (e.g., `\hobx'), type `I' and the correct
spelling (e.g., `I\hbox'). Otherwise just continue,
and I'll forget about whatever was undefined.


./higgs_production_ggH2j_box.tex:12: LaTeX Error: Missing \begin{document}.

See the LaTeX manual or LaTeX Companion for explanation.
Type  H <return>  for immediate help.
 ...                                              
                                                  
l.12 \draw[
         gluon] (-0.5cm,-1.5cm) -- (-.5cm,-.5cm);
You're in trouble here.  Try typing  <return>  to proceed.
If that doesn't work, type  X <return>  to quit.

./higgs_production_ggH2j_box.tex:13: Undefined control sequence.
l.13 \draw
        [fermion] (-0.5cm,-.5cm) -- (-.5cm,1.0cm);
The control sequence at the end of the top line
of your error message was never \def'ed. If you have
misspelled it (e.g., `\hobx'), type `I' and the correct
spelling (e.g., `I\hbox'). Otherwise just continue,
and I'll forget about whatever was undefined.

./higgs_production_ggH2j_box.tex:14: Undefined control sequence.
l.14 \draw
        [fermion] (1cm,1.0cm) -- (1cm,-.5cm);
The control sequence at the end of the top line
of your error message was never \def'ed. If you have
misspelled it (e.g., `\hobx'), type `I' and the correct
spelling (e.g., `I\hbox'). Otherwise just continue,
and I'll forget about whatever was undefined.

./higgs_production_ggH2j_box.tex:15: Undefined control sequence.
l.15 \draw
        [fermion] (1cm,-.5cm) -- (-0.5cm,-.5cm);
The control sequence at the end of the top line
of your error message was never \def'ed. If you have
misspelled it (e.g., `\hobx'), type `I' and the correct
spelling (e.g., `I\hbox'). Otherwise just continue,
and I'll forget about whatever was undefined.


Overfull \hbox (20.0pt too wide) in paragraph at lines 12--16
[][][gluon]
 []

./higgs_production_ggH2j_box.tex:17: Undefined control sequence.
l.17 \draw
        [scalar, ctcoloraccessory] (1cm,-0.5cm) -- (2cm,-0.5cm);
The control sequence at the end of the top line
of your error message was never \def'ed. If you have
misspelled it (e.g., `\hobx'), type `I' and the correct
spelling (e.g., `I\hbox'). Otherwise just continue,
and I'll forget about whatever was undefined.


./higgs_production_ggH2j_box.tex:17: LaTeX Error: Missing \begin{document}.

See the LaTeX manual or LaTeX Companion for explanation.
Type  H <return>  for immediate help.
 ...                                              
                                                  
l.17 \draw[
         scalar, ctcoloraccessory] (1cm,-0.5cm) -- (2cm,-0.5cm);
You're in trouble here.  Try typing  <return>  to proceed.
If that doesn't work, type  X <return>  to quit.

./higgs_production_ggH2j_box.tex:18: Undefined control sequence.
l.18 \node
         at (1.8cm-0.3cm,-.8cm) {H};
The control sequence at the end of the top line
of your error message was never \def'ed. If you have
misspelled it (e.g., `\hobx'), type `I' and the correct
spelling (e.g., `I\hbox'). Otherwise just continue,
and I'll forget about whatever was undefined.


Overfull \hbox (20.0pt too wide) in paragraph at lines 17--19
[][][scalar,
 []


./higgs_production_ggH2j_box.tex:20: LaTeX Error: \begin{document} ended by \end{tikzpicture}.

See the LaTeX manual or LaTeX Companion for explanation.
Type  H <return>  for immediate help.
 ...                                              
                                                  
l.20 \end{tikzpicture}
                    
Your command was ignored.
Type  I <command> <return>  to replace it with another command,
or  <return>  to continue without it.

)
! Emergency stop.
<*> higgs_production_ggH2j_box.tex
                               
*** (job aborted, no legal \end found)



Here is how much of LuaTeX's memory you used:
 9 strings out of 494693
 100000,89155 words of node,token memory allocated 3894 words of node memory still in use:
   15 hlist, 17 disc, 73 glue, 10 penalty, 494 glyph, 51 glue_spec, 5 local_par, 1 dir nodes
   avail lists: 2:12,3:1,4:6,5:1,6:1,7:23,10:18
 3864 multiletter control sequences out of 65536+600000
 14 fonts using 562767 bytes
 6i,0n,6p,99b,19s stack positions out of 5000i,500n,10000p,200000b,100000s
!  ==> Fatal error occurred, no output PDF file produced!
