This is LuaTeX, Version beta-0.80.0 (TeX Live 2015) (rev 5238)  (format=lualatex 2015.10.14)  24 SEP 2018 14:55
 restricted \write18 enabled.
 file:line:error style messages enabled.
**higgs_production_ggH2j_pentagon.tex
(./higgs_production_ggH2j_pentagon.tex
LaTeX2e <2015/01/01>
Babel <3.9l> and hyphenation patterns for 79 languages loaded.

./higgs_production_ggH2j_pentagon.tex:1: LaTeX Error: Environment tikzpicture undefined.

See the LaTeX manual or LaTeX Companion for explanation.
Type  H <return>  for immediate help.
 ...                                              
                                                  
l.1 \begin{tikzpicture}
                     [line width=1.5pt, scale=1]
Your command was ignored.
Type  I <command> <return>  to replace it with another command,
or  <return>  to continue without it.


./higgs_production_ggH2j_pentagon.tex:1: LaTeX Error: Missing \begin{document}.

See the LaTeX manual or LaTeX Companion for explanation.
Type  H <return>  for immediate help.
 ...                                              
                                                  
l.1 \begin{tikzpicture}[
                      line width=1.5pt, scale=1]
You're in trouble here.  Try typing  <return>  to proceed.
If that doesn't work, type  X <return>  to quit.


Overfull \hbox (20.0pt too wide) in paragraph at lines 1--3
[][][line
 []

./higgs_production_ggH2j_pentagon.tex:5: Undefined control sequence.
l.5 \draw
       [gluon] (-1cm,1cm) -- (0.cm,1cm);
The control sequence at the end of the top line
of your error message was never \def'ed. If you have
misspelled it (e.g., `\hobx'), type `I' and the correct
spelling (e.g., `I\hbox'). Otherwise just continue,
and I'll forget about whatever was undefined.


./higgs_production_ggH2j_pentagon.tex:5: LaTeX Error: Missing \begin{document}.

See the LaTeX manual or LaTeX Companion for explanation.
Type  H <return>  for immediate help.
 ...                                              
                                                  
l.5 \draw[
        gluon] (-1cm,1cm) -- (0.cm,1cm);
You're in trouble here.  Try typing  <return>  to proceed.
If that doesn't work, type  X <return>  to quit.

./higgs_production_ggH2j_pentagon.tex:6: Undefined control sequence.
l.6 \node
        at (-1cm-0.3cm,1cm) {\textbf{\textit{g}}};
The control sequence at the end of the top line
of your error message was never \def'ed. If you have
misspelled it (e.g., `\hobx'), type `I' and the correct
spelling (e.g., `I\hbox'). Otherwise just continue,
and I'll forget about whatever was undefined.


Overfull \hbox (20.0pt too wide) in paragraph at lines 5--7
[][][gluon]
 []


Overfull \hbox (6.37216pt too wide) in paragraph at lines 5--7
\OT1/cmr/bx/it/10 g\nullfont ; 
 []

./higgs_production_ggH2j_pentagon.tex:8: Undefined control sequence.
l.8 \draw
       [gluon] (-1cm,-1cm) -- (0.cm,-1cm);
The control sequence at the end of the top line
of your error message was never \def'ed. If you have
misspelled it (e.g., `\hobx'), type `I' and the correct
spelling (e.g., `I\hbox'). Otherwise just continue,
and I'll forget about whatever was undefined.


./higgs_production_ggH2j_pentagon.tex:8: LaTeX Error: Missing \begin{document}.

See the LaTeX manual or LaTeX Companion for explanation.
Type  H <return>  for immediate help.
 ...                                              
                                                  
l.8 \draw[
        gluon] (-1cm,-1cm) -- (0.cm,-1cm);
You're in trouble here.  Try typing  <return>  to proceed.
If that doesn't work, type  X <return>  to quit.

./higgs_production_ggH2j_pentagon.tex:9: Undefined control sequence.
l.9 \node
        at (-1cm-0.3cm,-1cm) {\textbf{\textit{g}}};
The control sequence at the end of the top line
of your error message was never \def'ed. If you have
misspelled it (e.g., `\hobx'), type `I' and the correct
spelling (e.g., `I\hbox'). Otherwise just continue,
and I'll forget about whatever was undefined.


Overfull \hbox (20.0pt too wide) in paragraph at lines 8--10
[][][gluon]
 []


Overfull \hbox (6.37216pt too wide) in paragraph at lines 8--10
\OT1/cmr/bx/it/10 g\nullfont ; 
 []

./higgs_production_ggH2j_pentagon.tex:11: Undefined control sequence.
l.11 \draw
        [gluon] (1.5cm,1.5cm) -- (3.cm,1.5cm);
The control sequence at the end of the top line
of your error message was never \def'ed. If you have
misspelled it (e.g., `\hobx'), type `I' and the correct
spelling (e.g., `I\hbox'). Otherwise just continue,
and I'll forget about whatever was undefined.


./higgs_production_ggH2j_pentagon.tex:11: LaTeX Error: Missing \begin{document}.

See the LaTeX manual or LaTeX Companion for explanation.
Type  H <return>  for immediate help.
 ...                                              
                                                  
l.11 \draw[
         gluon] (1.5cm,1.5cm) -- (3.cm,1.5cm);
You're in trouble here.  Try typing  <return>  to proceed.
If that doesn't work, type  X <return>  to quit.

./higgs_production_ggH2j_pentagon.tex:12: Undefined control sequence.
l.12 \node
         at (3cm+0.3cm,1.5cm) {\textbf{\textit{g}}};
The control sequence at the end of the top line
of your error message was never \def'ed. If you have
misspelled it (e.g., `\hobx'), type `I' and the correct
spelling (e.g., `I\hbox'). Otherwise just continue,
and I'll forget about whatever was undefined.


Overfull \hbox (20.0pt too wide) in paragraph at lines 11--13
[][][gluon]
 []


Overfull \hbox (6.37216pt too wide) in paragraph at lines 11--13
\OT1/cmr/bx/it/10 g\nullfont ; 
 []

./higgs_production_ggH2j_pentagon.tex:14: Undefined control sequence.
l.14 \draw
        [gluon] (1.5cm,-1.5cm) -- (3.cm,-1.5cm);
The control sequence at the end of the top line
of your error message was never \def'ed. If you have
misspelled it (e.g., `\hobx'), type `I' and the correct
spelling (e.g., `I\hbox'). Otherwise just continue,
and I'll forget about whatever was undefined.


./higgs_production_ggH2j_pentagon.tex:14: LaTeX Error: Missing \begin{document}.

See the LaTeX manual or LaTeX Companion for explanation.
Type  H <return>  for immediate help.
 ...                                              
                                                  
l.14 \draw[
         gluon] (1.5cm,-1.5cm) -- (3.cm,-1.5cm);
You're in trouble here.  Try typing  <return>  to proceed.
If that doesn't work, type  X <return>  to quit.

./higgs_production_ggH2j_pentagon.tex:15: Undefined control sequence.
l.15 \node
         at (3cm+0.3cm,-1.5cm) {\textbf{\textit{g}}};
The control sequence at the end of the top line
of your error message was never \def'ed. If you have
misspelled it (e.g., `\hobx'), type `I' and the correct
spelling (e.g., `I\hbox'). Otherwise just continue,
and I'll forget about whatever was undefined.


Overfull \hbox (20.0pt too wide) in paragraph at lines 14--16
[][][gluon]
 []


Overfull \hbox (6.37216pt too wide) in paragraph at lines 14--16
\OT1/cmr/bx/it/10 g\nullfont ; 
 []

./higgs_production_ggH2j_pentagon.tex:17: Undefined control sequence.
l.17 \draw
        [fermion] (0cm,-1cm) -- (0cm,1cm);
The control sequence at the end of the top line
of your error message was never \def'ed. If you have
misspelled it (e.g., `\hobx'), type `I' and the correct
spelling (e.g., `I\hbox'). Otherwise just continue,
and I'll forget about whatever was undefined.


./higgs_production_ggH2j_pentagon.tex:17: LaTeX Error: Missing \begin{document}.

See the LaTeX manual or LaTeX Companion for explanation.
Type  H <return>  for immediate help.
 ...                                              
                                                  
l.17 \draw[
         fermion] (0cm,-1cm) -- (0cm,1cm);
You're in trouble here.  Try typing  <return>  to proceed.
If that doesn't work, type  X <return>  to quit.

./higgs_production_ggH2j_pentagon.tex:18: Undefined control sequence.
l.18 \draw
        [fermion] (0cm,1cm) -- (1.5cm,1.5cm);
The control sequence at the end of the top line
of your error message was never \def'ed. If you have
misspelled it (e.g., `\hobx'), type `I' and the correct
spelling (e.g., `I\hbox'). Otherwise just continue,
and I'll forget about whatever was undefined.

./higgs_production_ggH2j_pentagon.tex:19: Undefined control sequence.
l.19 \draw
        [fermion] (1.5cm,1.5cm) -- (2.25cm,0cm);
The control sequence at the end of the top line
of your error message was never \def'ed. If you have
misspelled it (e.g., `\hobx'), type `I' and the correct
spelling (e.g., `I\hbox'). Otherwise just continue,
and I'll forget about whatever was undefined.

./higgs_production_ggH2j_pentagon.tex:20: Undefined control sequence.
l.20 \draw
        [fermion] (2.25cm,0cm) -- (1.5cm,-1.5cm);
The control sequence at the end of the top line
of your error message was never \def'ed. If you have
misspelled it (e.g., `\hobx'), type `I' and the correct
spelling (e.g., `I\hbox'). Otherwise just continue,
and I'll forget about whatever was undefined.

./higgs_production_ggH2j_pentagon.tex:21: Undefined control sequence.
l.21 \draw
        [fermion] (1.5cm,-1.5cm) -- (0cm,-1cm);
The control sequence at the end of the top line
of your error message was never \def'ed. If you have
misspelled it (e.g., `\hobx'), type `I' and the correct
spelling (e.g., `I\hbox'). Otherwise just continue,
and I'll forget about whatever was undefined.


Overfull \hbox (20.0pt too wide) in paragraph at lines 17--22
[][][fermion]
 []

./higgs_production_ggH2j_pentagon.tex:23: Undefined control sequence.
l.23 \draw
        [scalar, ctcoloraccessory] (2.25cm,0cm) -- (3cm,0cm);
The control sequence at the end of the top line
of your error message was never \def'ed. If you have
misspelled it (e.g., `\hobx'), type `I' and the correct
spelling (e.g., `I\hbox'). Otherwise just continue,
and I'll forget about whatever was undefined.


./higgs_production_ggH2j_pentagon.tex:23: LaTeX Error: Missing \begin{document}.

See the LaTeX manual or LaTeX Companion for explanation.
Type  H <return>  for immediate help.
 ...                                              
                                                  
l.23 \draw[
         scalar, ctcoloraccessory] (2.25cm,0cm) -- (3cm,0cm);
You're in trouble here.  Try typing  <return>  to proceed.
If that doesn't work, type  X <return>  to quit.

./higgs_production_ggH2j_pentagon.tex:24: Undefined control sequence.
l.24 \node
         at (3cm-0.3cm,-.3cm) {\textbf{\textit{H}}};
The control sequence at the end of the top line
of your error message was never \def'ed. If you have
misspelled it (e.g., `\hobx'), type `I' and the correct
spelling (e.g., `I\hbox'). Otherwise just continue,
and I'll forget about whatever was undefined.

./higgs_production_ggH2j_pentagon.tex:25: Missing number, treated as zero.
<to be read again> 
[
l.25 \fill[
         black] (0:2.25cm) circle (0.1cm);
A number should have been here; I inserted `0'.
(If you can't figure out why I needed to see a number,
look up `weird error' in the index to The TeXbook.)

./higgs_production_ggH2j_pentagon.tex:25: Illegal unit of measure (pt inserted).
<to be read again> 
[
l.25 \fill[
         black] (0:2.25cm) circle (0.1cm);
Dimensions can be in units of em, ex, in, pt, pc,
cm, mm, dd, cc, nd, nc, bp, or sp; but yours is a new one!
I'll assume that you meant to say pt, for printer's points.
To recover gracefully from this error, it's best to
delete the erroneous units; e.g., type `2' to delete
two letters. (See Chapter 27 of The TeXbook.)

./higgs_production_ggH2j_pentagon.tex:26: Missing number, treated as zero.
<to be read again> 
[
l.26 \fill[
         black] (0cm,1cm) circle (0.1cm);
A number should have been here; I inserted `0'.
(If you can't figure out why I needed to see a number,
look up `weird error' in the index to The TeXbook.)

./higgs_production_ggH2j_pentagon.tex:26: Illegal unit of measure (pt inserted).
<to be read again> 
[
l.26 \fill[
         black] (0cm,1cm) circle (0.1cm);
Dimensions can be in units of em, ex, in, pt, pc,
cm, mm, dd, cc, nd, nc, bp, or sp; but yours is a new one!
I'll assume that you meant to say pt, for printer's points.
To recover gracefully from this error, it's best to
delete the erroneous units; e.g., type `2' to delete
two letters. (See Chapter 27 of The TeXbook.)

./higgs_production_ggH2j_pentagon.tex:27: Missing number, treated as zero.
<to be read again> 
[
l.27 \fill[
         black] (0cm,-1cm) circle (0.1cm);
A number should have been here; I inserted `0'.
(If you can't figure out why I needed to see a number,
look up `weird error' in the index to The TeXbook.)

./higgs_production_ggH2j_pentagon.tex:27: Illegal unit of measure (pt inserted).
<to be read again> 
[
l.27 \fill[
         black] (0cm,-1cm) circle (0.1cm);
Dimensions can be in units of em, ex, in, pt, pc,
cm, mm, dd, cc, nd, nc, bp, or sp; but yours is a new one!
I'll assume that you meant to say pt, for printer's points.
To recover gracefully from this error, it's best to
delete the erroneous units; e.g., type `2' to delete
two letters. (See Chapter 27 of The TeXbook.)

./higgs_production_ggH2j_pentagon.tex:28: Missing number, treated as zero.
<to be read again> 
[
l.28 \fill[
         black] (1.5cm,1.5cm) circle (0.1cm);
A number should have been here; I inserted `0'.
(If you can't figure out why I needed to see a number,
look up `weird error' in the index to The TeXbook.)

./higgs_production_ggH2j_pentagon.tex:28: Illegal unit of measure (pt inserted).
<to be read again> 
[
l.28 \fill[
         black] (1.5cm,1.5cm) circle (0.1cm);
Dimensions can be in units of em, ex, in, pt, pc,
cm, mm, dd, cc, nd, nc, bp, or sp; but yours is a new one!
I'll assume that you meant to say pt, for printer's points.
To recover gracefully from this error, it's best to
delete the erroneous units; e.g., type `2' to delete
two letters. (See Chapter 27 of The TeXbook.)

./higgs_production_ggH2j_pentagon.tex:29: Missing number, treated as zero.
<to be read again> 
[
l.29 \fill[
         black] (1.5cm,-1.5cm) circle (0.1cm);
A number should have been here; I inserted `0'.
(If you can't figure out why I needed to see a number,
look up `weird error' in the index to The TeXbook.)

./higgs_production_ggH2j_pentagon.tex:29: Illegal unit of measure (pt inserted).
<to be read again> 
[
l.29 \fill[
         black] (1.5cm,-1.5cm) circle (0.1cm);
Dimensions can be in units of em, ex, in, pt, pc,
cm, mm, dd, cc, nd, nc, bp, or sp; but yours is a new one!
I'll assume that you meant to say pt, for printer's points.
To recover gracefully from this error, it's best to
delete the erroneous units; e.g., type `2' to delete
two letters. (See Chapter 27 of The TeXbook.)


./higgs_production_ggH2j_pentagon.tex:30: LaTeX Error: \begin{document} ended by \end{tikzpicture}.

See the LaTeX manual or LaTeX Companion for explanation.
Type  H <return>  for immediate help.
 ...                                              
                                                  
l.30 \end{tikzpicture}
                    
Your command was ignored.
Type  I <command> <return>  to replace it with another command,
or  <return>  to continue without it.

)
! Emergency stop.
<*> higgs_production_ggH2j_pentagon.tex
                                    
*** (job aborted, no legal \end found)



Here is how much of LuaTeX's memory you used:
 14 strings out of 494693
 100000,89155 words of node,token memory allocated 5070 words of node memory still in use:
   23 hlist, 12 disc, 108 glue, 5 kern, 16 penalty, 650 glyph, 56 glue_spec, 1 temp, 7 local_par, 1 dir nodes
   avail lists: 2:12,3:1,7:24,9:1,10:22
 3867 multiletter control sequences out of 65536+600000
 16 fonts using 641263 bytes
 14i,1n,11p,109b,111s stack positions out of 5000i,500n,10000p,200000b,100000s
!  ==> Fatal error occurred, no output PDF file produced!
