\BOOKMARK [0][]{Titlepage.0}{Titlepage}{}% 1
\BOOKMARK [0][]{chapter.1}{1 The Higgs boson and CP violation in the Standard Model and beyond}{}% 2
\BOOKMARK [1][]{section*.2}{1.1 The Standard Model}{chapter.1}% 3
\BOOKMARK [2][]{section*.4}{1.1.1 Elementary particles and interactions}{section*.2}% 4
\BOOKMARK [2][]{section*.10}{1.1.2 The Higgs mechanism}{section*.2}% 5
\BOOKMARK [1][]{section*.16}{1.2 CP violation}{chapter.1}% 6
\BOOKMARK [2][]{section*.17}{1.2.1 Symmetry transformations}{section*.16}% 7
\BOOKMARK [2][]{section*.19}{1.2.2 CP violation in the Standard Model}{section*.16}% 8
\BOOKMARK [2][]{section*.21}{1.2.3 Effective field Lagrangian}{section*.16}% 9
\BOOKMARK [0][]{chapter.2}{2 Experimental setup}{}% 10
\BOOKMARK [1][]{section*.26}{2.1 The Large Hadron Collider}{chapter.2}% 11
\BOOKMARK [1][]{section*.28}{2.2 The CMS Detector}{chapter.2}% 12
\BOOKMARK [2][]{section*.30}{2.2.1 Detector subsystems}{section*.28}% 13
\BOOKMARK [2][]{section*.37}{2.2.2 Trigger}{section*.28}% 14
\BOOKMARK [1][]{section*.38}{2.3 Particle Flow}{chapter.2}% 15
\BOOKMARK [2][]{section*.39}{2.3.1 Leptons}{section*.38}% 16
\BOOKMARK [2][]{section*.43}{2.3.2 Jets}{section*.38}% 17
\BOOKMARK [2][]{section*.44}{2.3.3 Tau leptons}{section*.38}% 18
\BOOKMARK [2][]{section*.46}{2.3.4 Missing transverse energy}{section*.38}% 19
\BOOKMARK [0][]{chapter.3}{3 Search for CP violation in gluon-gluon fusion events}{}% 20
\BOOKMARK [1][]{section*.48}{3.1 Measuring CP properties in gluon-gluon fusion events}{chapter.3}% 21
\BOOKMARK [2][]{section*.49}{3.1.1 Baseline event selection}{section*.48}% 22
\BOOKMARK [2][]{section*.52}{3.1.2 Event kinematics and CP sensitive observables}{section*.48}% 23
\BOOKMARK [2][]{section*.56}{3.1.3 Simulated samples}{section*.48}% 24
\BOOKMARK [2][]{section*.59}{3.1.4 Categorization}{section*.48}% 25
\BOOKMARK [1][]{section*.72}{3.2 Background estimation}{chapter.3}% 26
\BOOKMARK [2][]{section*.73}{3.2.1 Z/}{section*.72}% 27
\BOOKMARK [2][]{section*.74}{3.2.2 t}{section*.72}% 28
\BOOKMARK [2][]{section*.78}{3.2.3 W+jets}{section*.72}% 29
\BOOKMARK [2][]{section*.92}{3.2.4 QCD multijet background}{section*.72}% 30
\BOOKMARK [2][]{section*.106}{3.2.5 VBF Higgs}{section*.72}% 31
\BOOKMARK [2][]{section*.107}{3.2.6 Other backgrounds}{section*.72}% 32
\BOOKMARK [1][]{section*.108}{3.3 Systematic uncertainties}{chapter.3}% 33
\BOOKMARK [2][]{section*.109}{3.3.1 Limited size of MC samples}{section*.108}% 34
\BOOKMARK [2][]{section*.110}{3.3.2 Gluon fusion in association with jets}{section*.108}% 35
\BOOKMARK [2][]{section*.112}{3.3.3 Jet energy correction uncertainties}{section*.108}% 36
\BOOKMARK [1][]{section*.116}{3.4 Performance of the measurement of the CP mixing angle in gluon-gluon fusion}{chapter.3}% 37
\BOOKMARK [2][]{section*.117}{3.4.1 Signal model}{section*.116}% 38
\BOOKMARK [2][]{section*.119}{3.4.2 Fit function}{section*.116}% 39
\BOOKMARK [2][]{section*.125}{3.4.3 Results}{section*.116}% 40
\BOOKMARK [0][]{chapter.4}{4 Conclusion and Outlook}{}% 41
\BOOKMARK [0][]{section*.136}{Bibliography}{}% 42
\BOOKMARK [0][]{appendix.A}{A Search for CP violation in gluon-gluon fusion events}{}% 43
\BOOKMARK [1][]{section*.138}{A.1 Measuring CP violation in gluon-gluon fusion events}{appendix.A}% 44
\BOOKMARK [2][]{section*.139}{A.1.1 Categorization}{section*.138}% 45
\BOOKMARK [1][]{section*.145}{A.2 Background estimation}{appendix.A}% 46
\BOOKMARK [2][]{section*.146}{A.2.1 Measurement of the QCD OS/SS factor}{section*.145}% 47
\BOOKMARK [2][]{section*.155}{A.2.2 QCD control regions}{section*.145}% 48
\BOOKMARK [1][]{section*.157}{A.3 Performance of the measurement of the gluon-gluon fusion CP mixing angle}{appendix.A}% 49
\BOOKMARK [2][]{section*.158}{A.3.1 Prefit distributions for MELA approach}{section*.157}% 50
\BOOKMARK [2][]{section*.167}{A.3.2 Postfit distributions for MELA approach}{section*.157}% 51
\BOOKMARK [2][]{section*.174}{A.3.3 Prefit distributions for jj}{section*.157}% 52
\BOOKMARK [2][]{section*.183}{A.3.4 Postfit distributions for jj}{section*.157}% 53
