This is LuaTeX, Version beta-0.80.0 (TeX Live 2015) (rev 5238)  (format=lualatex 2015.10.14)  9 SEP 2018 14:57
 restricted \write18 enabled.
 file:line:error style messages enabled.
**conclusion.tex
(./conclusion.tex
LaTeX2e <2015/01/01>
Babel <3.9l> and hyphenation patterns for 79 languages loaded.
./conclusion.tex:1: Undefined control sequence.
l.1 \chapter
          {Conclusion and Outlook}
The control sequence at the end of the top line
of your error message was never \def'ed. If you have
misspelled it (e.g., `\hobx'), type `I' and the correct
spelling (e.g., `I\hbox'). Otherwise just continue,
and I'll forget about whatever was undefined.


./conclusion.tex:1: LaTeX Error: Missing \begin{document}.

See the LaTeX manual or LaTeX Companion for explanation.
Type  H <return>  for immediate help.
 ...                                              
                                                  
l.1 \chapter{C
            onclusion and Outlook}
You're in trouble here.  Try typing  <return>  to proceed.
If that doesn't work, type  X <return>  to quit.


Overfull \hbox (20.0pt too wide) in paragraph at lines 1--2
[][]Conclusion
 []


./conclusion.tex:3: LaTeX Error: Missing \begin{document}.

See the LaTeX manual or LaTeX Companion for explanation.
Type  H <return>  for immediate help.
 ...                                              
                                                  
l.3 T
   he performance of an analysis dedicated to the measurement of the CP mixi...
You're in trouble here.  Try typing  <return>  to proceed.
If that doesn't work, type  X <return>  to quit.

LaTeX Font Info:    External font `cmex10' loaded for size
(Font)              <7> on input line 3.
LaTeX Font Info:    External font `cmex10' loaded for size
(Font)              <5> on input line 3.
\citation{Sirunyan:2017khh}
./conclusion.tex:5: Undefined control sequence.
<write> ... Warning: Citation `\@citeb ' on page \thepage 
                                                  \space undefined\on@line .
l.5 ...a pair of tau leptons \cite{Sirunyan:2017khh}
                                                  .
The control sequence at the end of the top line
of your error message was never \def'ed. If you have
misspelled it (e.g., `\hobx'), type `I' and the correct
spelling (e.g., `I\hbox'). Otherwise just continue,
and I'll forget about whatever was undefined.


LaTeX Warning: Citation `Sirunyan:2017khh' on page  undefined on input line 5.

./conclusion.tex:8: Undefined control sequence.
l.8 ... is measured with a precision of $45^{\degree
                                                  }$. A scalar and a pseudos...
The control sequence at the end of the top line
of your error message was never \def'ed. If you have
misspelled it (e.g., `\hobx'), type `I' and the correct
spelling (e.g., `I\hbox'). Otherwise just continue,
and I'll forget about whatever was undefined.

./conclusion.tex:9: Undefined control sequence.
l.9 ... is obtained with a precision of $40^{\degree
                                                  }$. The distinguishability...
The control sequence at the end of the top line
of your error message was never \def'ed. If you have
misspelled it (e.g., `\hobx'), type `I' and the correct
spelling (e.g., `I\hbox'). Otherwise just continue,
and I'll forget about whatever was undefined.

\citation{Sirunyan:2017khh}
./conclusion.tex:10: Undefined control sequence.
<write> ... Warning: Citation `\@citeb ' on page \thepage 
                                                  \space undefined\on@line .
l.10 ...settings provided by \cite{Sirunyan:2017khh}
                                                   were adapted. First of al...
The control sequence at the end of the top line
of your error message was never \def'ed. If you have
misspelled it (e.g., `\hobx'), type `I' and the correct
spelling (e.g., `I\hbox'). Otherwise just continue,
and I'll forget about whatever was undefined.


LaTeX Warning: Citation `Sirunyan:2017khh' on page  undefined on input line 10.

./conclusion.tex:18: Undefined control sequence.
l.18 ...igma$ with an accuracy of about $24^{\degree
                                                  }$. Nevertheless, this mea...
The control sequence at the end of the top line
of your error message was never \def'ed. If you have
misspelled it (e.g., `\hobx'), type `I' and the correct
spelling (e.g., `I\hbox'). Otherwise just continue,
and I'll forget about whatever was undefined.


Overfull \hbox (20.0pt too wide) in paragraph at lines 3--22
[][]The
 []


Overfull \hbox (6.43404pt too wide) in paragraph at lines 3--22
\OML/cmm/m/it/10 $
 []


Overfull \hbox (5.43053pt too wide) in paragraph at lines 3--22
[[]].
 []


Overfull \hbox (23.03465pt too wide) in paragraph at lines 3--22
\OML/cmm/m/it/10 gg \OMS/cmsy/m/n/10 !
 []


Overfull \hbox (16.90277pt too wide) in paragraph at lines 3--22
\OML/cmm/m/it/10 H \OT1/cmr/m/n/10 +
 []


Overfull \hbox (9.6905pt too wide) in paragraph at lines 3--22
\OT1/cmr/m/n/10 2\OML/cmm/m/it/10 j$
 []


Overfull \hbox (22.21883pt too wide) in paragraph at lines 3--22
\OT1/cmr/m/n/10 \OML/cmm/m/it/10 []$
 []


Overfull \hbox (6.43404pt too wide) in paragraph at lines 3--22
\OML/cmm/m/it/10 $
 []


Overfull \hbox (10.50003pt too wide) in paragraph at lines 3--22
\OT1/cmr/m/n/10 45[]$\nullfont .
 []


Overfull \hbox (23.85074pt too wide) in paragraph at lines 3--22
\OT1/cmr/m/n/10 1\OML/cmm/m/it/10 :\OT1/cmr/m/n/10 25\OML/cmm/m/it/10 $\nullfont .
 []


Overfull \hbox (10.50003pt too wide) in paragraph at lines 3--22
\OT1/cmr/m/n/10 40[]$\nullfont .
 []


Overfull \hbox (23.85074pt too wide) in paragraph at lines 3--22
\OT1/cmr/m/n/10 1\OML/cmm/m/it/10 :\OT1/cmr/m/n/10 36\OML/cmm/m/it/10 $\nullfont .
 []


Overfull \hbox (5.43053pt too wide) in paragraph at lines 3--22
[[]]
 []


Overfull \hbox (23.22894pt too wide) in paragraph at lines 3--22
\OML/cmm/m/it/10 [] \OT1/cmr/m/n/10 =
 []


Overfull \hbox (5.00002pt too wide) in paragraph at lines 3--22
\OT1/cmr/m/n/10 1$
 []


Overfull \hbox (12.67343pt too wide) in paragraph at lines 3--22
\OML/cmm/m/it/10 []$\nullfont .
 []


Overfull \hbox (23.85074pt too wide) in paragraph at lines 3--22
\OT1/cmr/m/n/10 3\OML/cmm/m/it/10 :\OT1/cmr/m/n/10 65\OML/cmm/m/it/10 $
 []


Overfull \hbox (10.50003pt too wide) in paragraph at lines 3--22
\OT1/cmr/m/n/10 24[]$\nullfont .
 []


./conclusion.tex:23: LaTeX Error: Missing \begin{document}.

See the LaTeX manual or LaTeX Companion for explanation.
Type  H <return>  for immediate help.
 ...                                              
                                                  
l.23 I
    n order to improve the performance quoted here several further step will...
You're in trouble here.  Try typing  <return>  to proceed.
If that doesn't work, type  X <return>  to quit.

\citation{hbb}
./conclusion.tex:25: Undefined control sequence.
<write> ... Warning: Citation `\@citeb ' on page \thepage 
                                                  \space undefined\on@line .
l.25 ...boson decaying into bottom quarks \cite{hbb}
                                                   and in the associated pro...
The control sequence at the end of the top line
of your error message was never \def'ed. If you have
misspelled it (e.g., `\hobx'), type `I' and the correct
spelling (e.g., `I\hbox'). Otherwise just continue,
and I'll forget about whatever was undefined.


LaTeX Warning: Citation `hbb' on page  undefined on input line 25.

\citation{Sirunyan:2312113}
./conclusion.tex:25: Undefined control sequence.
<write> ... Warning: Citation `\@citeb ' on page \thepage 
                                                  \space undefined\on@line .
l.25 ...tion with top quarks \cite{Sirunyan:2312113}
                                                   modern machine learning t...
The control sequence at the end of the top line
of your error message was never \def'ed. If you have
misspelled it (e.g., `\hobx'), type `I' and the correct
spelling (e.g., `I\hbox'). Otherwise just continue,
and I'll forget about whatever was undefined.


LaTeX Warning: Citation `Sirunyan:2312113' on page  undefined on input line 25.

)
! Emergency stop.
<*> conclusion.tex
               
*** (job aborted, no legal \end found)



Here is how much of LuaTeX's memory you used:
 26 strings out of 494693
 100000,89155 words of node,token memory allocated 20311 words of node memory still in use:
   48 hlist, 14 math, 581 glue, 14 kern, 9 penalty, 2824 glyph, 93 glue_spec, 1 temp, 3 local_par, 1 dir nodes
   avail lists: 2:12,3:3,4:8,7:433,9:1,10:147
 3869 multiletter control sequences out of 65536+600000
 26 fonts using 1033735 bytes
 18i,2n,21p,270b,94s stack positions out of 5000i,500n,10000p,200000b,100000s
!  ==> Fatal error occurred, no output PDF file produced!
